2024-10-23 03:15:32.583 | INFO     | __main__:<module>:210 - Namespace(SEED=2021, TIME='2024-10-23 03_15_17', att_dim=64, batch_size=1024, behaviors=['view', 'cart', 'buy'], check_point='', data_name='taobao2', data_path='./data/taobao2', decay=0, device='cuda:3', drop_ratio=0.1, embedding_size=64, epochs=600, gama=1, head_num=4, hidden_size_list=[64, 64, 64], hyper_layers=1, if_load_model=False, inter_reg=1e-05, layers=[2, 3, 3], lr=0.001, m_step=1, message_dropout=0.1, metrics=['hit', 'ndcg', 'recall', 'mrr'], min_epoch=5, model_name='taobao', model_path='./check_point', node_dropout=0.0, num_clusters=200, proto_reg=0.0005, reg_weight=0.001, run_inter=1, run_ncl_proto=0, run_ncl_ssl=1, run_sgl=1, ssl_reg=3e-05, ssl_tau=0.5, ssl_weight=1e-05, structural_alpha=1.0, task_weight=[1.0, 1.0, 1.0], temp=0.1, test_batch_size=3072, test_writer=<torch.utils.tensorboard.writer.SummaryWriter object at 0x7fb247dbd6d0>, topk=[10, 20, 50, 80], train_writer=<torch.utils.tensorboard.writer.SummaryWriter object at 0x7fb247900790>, type='RW', warm_up_step=20)
2024-10-23 03:15:32.583 | INFO     | __main__:<module>:211 - NSED(
  (user_embedding): Embedding(48750, 64, padding_idx=0)
  (item_embedding): Embedding(39494, 64, padding_idx=0)
  (Graph_encoder): ModuleDict(
    (view): LightGCN()
    (cart): LightGCN()
    (buy): LightGCN()
  )
  (bpr_loss): BPRLoss()
  (emb_loss): EmbLoss()
)
2024-10-23 03:15:52.156 | INFO     | trainer_beibei:_train_one_epoch:121 - epoch 1 16.94s Train loss is [2.7909] 
2024-10-23 03:16:01.974 | INFO     | trainer_beibei:_train_one_epoch:131 - test 1 cost time 9.82s, result: {'hit@10': 0.1231, 'ndcg@10': 0.0856, 'recall@10': 0.1231, 'mrr@10': 0.0738, 'hit@20': 0.1445, 'ndcg@20': 0.091, 'recall@20': 0.1445, 'mrr@20': 0.0753, 'hit@50': 0.178, 'ndcg@50': 0.0977, 'recall@50': 0.178, 'mrr@50': 0.0764, 'hit@80': 0.1971, 'ndcg@80': 0.1009, 'recall@80': 0.1971, 'mrr@80': 0.0767} 
2024-10-23 03:16:18.043 | INFO     | trainer_beibei:_train_one_epoch:121 - epoch 2 16.04s Train loss is [2.3985] 
2024-10-23 03:16:27.841 | INFO     | trainer_beibei:_train_one_epoch:131 - test 2 cost time 9.80s, result: {'hit@10': 0.1423, 'ndcg@10': 0.0977, 'recall@10': 0.1423, 'mrr@10': 0.0836, 'hit@20': 0.1662, 'ndcg@20': 0.1037, 'recall@20': 0.1662, 'mrr@20': 0.0853, 'hit@50': 0.2024, 'ndcg@50': 0.1109, 'recall@50': 0.2024, 'mrr@50': 0.0864, 'hit@80': 0.222, 'ndcg@80': 0.1142, 'recall@80': 0.222, 'mrr@80': 0.0867} 
2024-10-23 03:16:44.122 | INFO     | trainer_beibei:_train_one_epoch:121 - epoch 3 16.18s Train loss is [2.2973] 
2024-10-23 03:16:53.943 | INFO     | trainer_beibei:_train_one_epoch:131 - test 3 cost time 9.82s, result: {'hit@10': 0.1524, 'ndcg@10': 0.1036, 'recall@10': 0.1524, 'mrr@10': 0.0883, 'hit@20': 0.1784, 'ndcg@20': 0.1102, 'recall@20': 0.1784, 'mrr@20': 0.0901, 'hit@50': 0.2147, 'ndcg@50': 0.1174, 'recall@50': 0.2147, 'mrr@50': 0.0912, 'hit@80': 0.2349, 'ndcg@80': 0.1208, 'recall@80': 0.2349, 'mrr@80': 0.0916} 
2024-10-23 03:17:10.109 | INFO     | trainer_beibei:_train_one_epoch:121 - epoch 4 16.07s Train loss is [2.2414] 
2024-10-23 03:17:19.911 | INFO     | trainer_beibei:_train_one_epoch:131 - test 4 cost time 9.80s, result: {'hit@10': 0.1587, 'ndcg@10': 0.1071, 'recall@10': 0.1587, 'mrr@10': 0.0909, 'hit@20': 0.1854, 'ndcg@20': 0.1139, 'recall@20': 0.1854, 'mrr@20': 0.0927, 'hit@50': 0.2239, 'ndcg@50': 0.1215, 'recall@50': 0.2239, 'mrr@50': 0.094, 'hit@80': 0.2439, 'ndcg@80': 0.1249, 'recall@80': 0.2439, 'mrr@80': 0.0943} 
2024-10-23 03:17:36.079 | INFO     | trainer_beibei:_train_one_epoch:121 - epoch 5 16.08s Train loss is [2.2031] 
2024-10-23 03:17:45.872 | INFO     | trainer_beibei:_train_one_epoch:131 - test 5 cost time 9.79s, result: {'hit@10': 0.1637, 'ndcg@10': 0.1095, 'recall@10': 0.1637, 'mrr@10': 0.0925, 'hit@20': 0.1919, 'ndcg@20': 0.1166, 'recall@20': 0.1919, 'mrr@20': 0.0944, 'hit@50': 0.23, 'ndcg@50': 0.1242, 'recall@50': 0.23, 'mrr@50': 0.0956, 'hit@80': 0.2504, 'ndcg@80': 0.1276, 'recall@80': 0.2504, 'mrr@80': 0.096} 
2024-10-23 03:18:01.982 | INFO     | trainer_beibei:_train_one_epoch:121 - epoch 6 16.03s Train loss is [2.1735] 
2024-10-23 03:18:11.817 | INFO     | trainer_beibei:_train_one_epoch:131 - test 6 cost time 9.83s, result: {'hit@10': 0.1682, 'ndcg@10': 0.1117, 'recall@10': 0.1682, 'mrr@10': 0.094, 'hit@20': 0.1969, 'ndcg@20': 0.119, 'recall@20': 0.1969, 'mrr@20': 0.096, 'hit@50': 0.2367, 'ndcg@50': 0.1269, 'recall@50': 0.2367, 'mrr@50': 0.0972, 'hit@80': 0.2584, 'ndcg@80': 0.1305, 'recall@80': 0.2584, 'mrr@80': 0.0976} 
2024-10-23 03:18:27.990 | INFO     | trainer_beibei:_train_one_epoch:121 - epoch 7 16.08s Train loss is [2.1523] 
2024-10-23 03:18:37.786 | INFO     | trainer_beibei:_train_one_epoch:131 - test 7 cost time 9.80s, result: {'hit@10': 0.1706, 'ndcg@10': 0.1134, 'recall@10': 0.1706, 'mrr@10': 0.0955, 'hit@20': 0.2005, 'ndcg@20': 0.121, 'recall@20': 0.2005, 'mrr@20': 0.0975, 'hit@50': 0.2416, 'ndcg@50': 0.1292, 'recall@50': 0.2416, 'mrr@50': 0.0988, 'hit@80': 0.2635, 'ndcg@80': 0.1328, 'recall@80': 0.2635, 'mrr@80': 0.0992} 
2024-10-23 03:18:53.954 | INFO     | trainer_beibei:_train_one_epoch:121 - epoch 8 16.07s Train loss is [2.1333] 
2024-10-23 03:19:03.777 | INFO     | trainer_beibei:_train_one_epoch:131 - test 8 cost time 9.82s, result: {'hit@10': 0.173, 'ndcg@10': 0.1154, 'recall@10': 0.173, 'mrr@10': 0.0972, 'hit@20': 0.2034, 'ndcg@20': 0.1231, 'recall@20': 0.2034, 'mrr@20': 0.0993, 'hit@50': 0.2451, 'ndcg@50': 0.1314, 'recall@50': 0.2451, 'mrr@50': 0.1007, 'hit@80': 0.2677, 'ndcg@80': 0.1352, 'recall@80': 0.2677, 'mrr@80': 0.1011} 
2024-10-23 03:19:19.941 | INFO     | trainer_beibei:_train_one_epoch:121 - epoch 9 16.07s Train loss is [2.1184] 
2024-10-23 03:19:29.727 | INFO     | trainer_beibei:_train_one_epoch:131 - test 9 cost time 9.79s, result: {'hit@10': 0.1768, 'ndcg@10': 0.1169, 'recall@10': 0.1768, 'mrr@10': 0.098, 'hit@20': 0.2081, 'ndcg@20': 0.1248, 'recall@20': 0.2081, 'mrr@20': 0.1002, 'hit@50': 0.2501, 'ndcg@50': 0.1331, 'recall@50': 0.2501, 'mrr@50': 0.1015, 'hit@80': 0.2729, 'ndcg@80': 0.1369, 'recall@80': 0.2729, 'mrr@80': 0.1019} 
2024-10-23 03:19:45.868 | INFO     | trainer_beibei:_train_one_epoch:121 - epoch 10 16.05s Train loss is [2.1055] 
2024-10-23 03:19:55.688 | INFO     | trainer_beibei:_train_one_epoch:131 - test 10 cost time 9.82s, result: {'hit@10': 0.1781, 'ndcg@10': 0.1175, 'recall@10': 0.1781, 'mrr@10': 0.0984, 'hit@20': 0.2099, 'ndcg@20': 0.1255, 'recall@20': 0.2099, 'mrr@20': 0.1006, 'hit@50': 0.2544, 'ndcg@50': 0.1344, 'recall@50': 0.2544, 'mrr@50': 0.1021, 'hit@80': 0.277, 'ndcg@80': 0.1381, 'recall@80': 0.277, 'mrr@80': 0.1024} 
2024-10-23 03:20:11.903 | INFO     | trainer_beibei:_train_one_epoch:121 - epoch 11 16.11s Train loss is [2.0938] 
2024-10-23 03:20:21.709 | INFO     | trainer_beibei:_train_one_epoch:131 - test 11 cost time 9.80s, result: {'hit@10': 0.1796, 'ndcg@10': 0.118, 'recall@10': 0.1796, 'mrr@10': 0.0987, 'hit@20': 0.2126, 'ndcg@20': 0.1264, 'recall@20': 0.2126, 'mrr@20': 0.101, 'hit@50': 0.2561, 'ndcg@50': 0.135, 'recall@50': 0.2561, 'mrr@50': 0.1024, 'hit@80': 0.2793, 'ndcg@80': 0.1389, 'recall@80': 0.2793, 'mrr@80': 0.1027} 
2024-10-23 03:20:38.095 | INFO     | trainer_beibei:_train_one_epoch:121 - epoch 12 16.29s Train loss is [2.0842] 
2024-10-23 03:20:49.110 | INFO     | trainer_beibei:_train_one_epoch:131 - test 12 cost time 11.01s, result: {'hit@10': 0.1822, 'ndcg@10': 0.1197, 'recall@10': 0.1822, 'mrr@10': 0.1001, 'hit@20': 0.2154, 'ndcg@20': 0.1281, 'recall@20': 0.2154, 'mrr@20': 0.1024, 'hit@50': 0.2591, 'ndcg@50': 0.1368, 'recall@50': 0.2591, 'mrr@50': 0.1038, 'hit@80': 0.2825, 'ndcg@80': 0.1407, 'recall@80': 0.2825, 'mrr@80': 0.1041} 
2024-10-23 03:21:06.326 | INFO     | trainer_beibei:_train_one_epoch:121 - epoch 13 17.13s Train loss is [2.0728] 
2024-10-23 03:21:17.492 | INFO     | trainer_beibei:_train_one_epoch:131 - test 13 cost time 11.17s, result: {'hit@10': 0.1853, 'ndcg@10': 0.1213, 'recall@10': 0.1853, 'mrr@10': 0.1011, 'hit@20': 0.2184, 'ndcg@20': 0.1296, 'recall@20': 0.2184, 'mrr@20': 0.1034, 'hit@50': 0.2631, 'ndcg@50': 0.1385, 'recall@50': 0.2631, 'mrr@50': 0.1049, 'hit@80': 0.2862, 'ndcg@80': 0.1423, 'recall@80': 0.2862, 'mrr@80': 0.1052} 
2024-10-23 03:21:34.676 | INFO     | trainer_beibei:_train_one_epoch:121 - epoch 14 17.09s Train loss is [2.0654] 
2024-10-23 03:21:45.662 | INFO     | trainer_beibei:_train_one_epoch:131 - test 14 cost time 10.98s, result: {'hit@10': 0.1867, 'ndcg@10': 0.1219, 'recall@10': 0.1867, 'mrr@10': 0.1016, 'hit@20': 0.2206, 'ndcg@20': 0.1305, 'recall@20': 0.2206, 'mrr@20': 0.104, 'hit@50': 0.2649, 'ndcg@50': 0.1393, 'recall@50': 0.2649, 'mrr@50': 0.1054, 'hit@80': 0.2889, 'ndcg@80': 0.1433, 'recall@80': 0.2889, 'mrr@80': 0.1058} 
2024-10-23 03:22:02.846 | INFO     | trainer_beibei:_train_one_epoch:121 - epoch 15 17.07s Train loss is [2.0571] 
2024-10-23 03:22:13.854 | INFO     | trainer_beibei:_train_one_epoch:131 - test 15 cost time 11.01s, result: {'hit@10': 0.1876, 'ndcg@10': 0.1224, 'recall@10': 0.1876, 'mrr@10': 0.1019, 'hit@20': 0.2218, 'ndcg@20': 0.131, 'recall@20': 0.2218, 'mrr@20': 0.1042, 'hit@50': 0.2679, 'ndcg@50': 0.1401, 'recall@50': 0.2679, 'mrr@50': 0.1057, 'hit@80': 0.2926, 'ndcg@80': 0.1442, 'recall@80': 0.2926, 'mrr@80': 0.1061} 
2024-10-23 03:22:31.088 | INFO     | trainer_beibei:_train_one_epoch:121 - epoch 16 17.14s Train loss is [2.0504] 
2024-10-23 03:22:42.077 | INFO     | trainer_beibei:_train_one_epoch:131 - test 16 cost time 10.99s, result: {'hit@10': 0.1888, 'ndcg@10': 0.1227, 'recall@10': 0.1888, 'mrr@10': 0.102, 'hit@20': 0.2233, 'ndcg@20': 0.1315, 'recall@20': 0.2233, 'mrr@20': 0.1044, 'hit@50': 0.2691, 'ndcg@50': 0.1405, 'recall@50': 0.2691, 'mrr@50': 0.1059, 'hit@80': 0.2935, 'ndcg@80': 0.1446, 'recall@80': 0.2935, 'mrr@80': 0.1062} 
2024-10-23 03:22:59.255 | INFO     | trainer_beibei:_train_one_epoch:121 - epoch 17 17.09s Train loss is [2.0437] 
2024-10-23 03:23:10.240 | INFO     | trainer_beibei:_train_one_epoch:131 - test 17 cost time 10.98s, result: {'hit@10': 0.19, 'ndcg@10': 0.1233, 'recall@10': 0.19, 'mrr@10': 0.1023, 'hit@20': 0.2246, 'ndcg@20': 0.132, 'recall@20': 0.2246, 'mrr@20': 0.1047, 'hit@50': 0.2704, 'ndcg@50': 0.1411, 'recall@50': 0.2704, 'mrr@50': 0.1062, 'hit@80': 0.2945, 'ndcg@80': 0.1451, 'recall@80': 0.2945, 'mrr@80': 0.1066} 
2024-10-23 03:23:27.475 | INFO     | trainer_beibei:_train_one_epoch:121 - epoch 18 17.15s Train loss is [2.0383] 
2024-10-23 03:23:38.475 | INFO     | trainer_beibei:_train_one_epoch:131 - test 18 cost time 11.00s, result: {'hit@10': 0.1904, 'ndcg@10': 0.1237, 'recall@10': 0.1904, 'mrr@10': 0.1028, 'hit@20': 0.2256, 'ndcg@20': 0.1326, 'recall@20': 0.2256, 'mrr@20': 0.1052, 'hit@50': 0.2707, 'ndcg@50': 0.1416, 'recall@50': 0.2707, 'mrr@50': 0.1067, 'hit@80': 0.2955, 'ndcg@80': 0.1457, 'recall@80': 0.2955, 'mrr@80': 0.1071} 
2024-10-23 03:23:55.636 | INFO     | trainer_beibei:_train_one_epoch:121 - epoch 19 17.07s Train loss is [2.0318] 
2024-10-23 03:24:06.621 | INFO     | trainer_beibei:_train_one_epoch:131 - test 19 cost time 10.98s, result: {'hit@10': 0.1925, 'ndcg@10': 0.124, 'recall@10': 0.1925, 'mrr@10': 0.1025, 'hit@20': 0.2272, 'ndcg@20': 0.1327, 'recall@20': 0.2272, 'mrr@20': 0.1049, 'hit@50': 0.2735, 'ndcg@50': 0.1419, 'recall@50': 0.2735, 'mrr@50': 0.1064, 'hit@80': 0.2985, 'ndcg@80': 0.1461, 'recall@80': 0.2985, 'mrr@80': 0.1068} 
2024-10-23 03:24:23.828 | INFO     | trainer_beibei:_train_one_epoch:121 - epoch 20 17.11s Train loss is [2.0263] 
2024-10-23 03:24:34.846 | INFO     | trainer_beibei:_train_one_epoch:131 - test 20 cost time 11.02s, result: {'hit@10': 0.1938, 'ndcg@10': 0.1245, 'recall@10': 0.1938, 'mrr@10': 0.1028, 'hit@20': 0.2285, 'ndcg@20': 0.1333, 'recall@20': 0.2285, 'mrr@20': 0.1052, 'hit@50': 0.2749, 'ndcg@50': 0.1425, 'recall@50': 0.2749, 'mrr@50': 0.1067, 'hit@80': 0.3003, 'ndcg@80': 0.1468, 'recall@80': 0.3003, 'mrr@80': 0.1071} 
2024-10-23 03:24:52.030 | INFO     | trainer_beibei:_train_one_epoch:121 - epoch 21 17.09s Train loss is [2.0209] 
2024-10-23 03:25:03.168 | INFO     | trainer_beibei:_train_one_epoch:131 - test 21 cost time 11.14s, result: {'hit@10': 0.1939, 'ndcg@10': 0.1246, 'recall@10': 0.1939, 'mrr@10': 0.1028, 'hit@20': 0.2297, 'ndcg@20': 0.1337, 'recall@20': 0.2297, 'mrr@20': 0.1054, 'hit@50': 0.2765, 'ndcg@50': 0.143, 'recall@50': 0.2765, 'mrr@50': 0.1069, 'hit@80': 0.3019, 'ndcg@80': 0.1472, 'recall@80': 0.3019, 'mrr@80': 0.1073} 
2024-10-23 03:25:20.394 | INFO     | trainer_beibei:_train_one_epoch:121 - epoch 22 17.11s Train loss is [2.0169] 
2024-10-23 03:25:31.410 | INFO     | trainer_beibei:_train_one_epoch:131 - test 22 cost time 11.02s, result: {'hit@10': 0.1948, 'ndcg@10': 0.125, 'recall@10': 0.1948, 'mrr@10': 0.1032, 'hit@20': 0.2308, 'ndcg@20': 0.1341, 'recall@20': 0.2308, 'mrr@20': 0.1057, 'hit@50': 0.2781, 'ndcg@50': 0.1435, 'recall@50': 0.2781, 'mrr@50': 0.1072, 'hit@80': 0.3024, 'ndcg@80': 0.1476, 'recall@80': 0.3024, 'mrr@80': 0.1076} 
2024-10-23 03:25:48.597 | INFO     | trainer_beibei:_train_one_epoch:121 - epoch 23 17.10s Train loss is [2.0104] 
2024-10-23 03:25:59.609 | INFO     | trainer_beibei:_train_one_epoch:131 - test 23 cost time 11.01s, result: {'hit@10': 0.1952, 'ndcg@10': 0.1255, 'recall@10': 0.1952, 'mrr@10': 0.1037, 'hit@20': 0.2329, 'ndcg@20': 0.1351, 'recall@20': 0.2329, 'mrr@20': 0.1063, 'hit@50': 0.2801, 'ndcg@50': 0.1445, 'recall@50': 0.2801, 'mrr@50': 0.1079, 'hit@80': 0.3047, 'ndcg@80': 0.1485, 'recall@80': 0.3047, 'mrr@80': 0.1082} 
2024-10-23 03:26:16.774 | INFO     | trainer_beibei:_train_one_epoch:121 - epoch 24 17.06s Train loss is [2.0071] 
2024-10-23 03:26:27.763 | INFO     | trainer_beibei:_train_one_epoch:131 - test 24 cost time 10.99s, result: {'hit@10': 0.1964, 'ndcg@10': 0.126, 'recall@10': 0.1964, 'mrr@10': 0.104, 'hit@20': 0.2334, 'ndcg@20': 0.1354, 'recall@20': 0.2334, 'mrr@20': 0.1066, 'hit@50': 0.2805, 'ndcg@50': 0.1447, 'recall@50': 0.2805, 'mrr@50': 0.1081, 'hit@80': 0.306, 'ndcg@80': 0.149, 'recall@80': 0.306, 'mrr@80': 0.1085} 
2024-10-23 03:26:44.947 | INFO     | trainer_beibei:_train_one_epoch:121 - epoch 25 17.08s Train loss is [2.0015] 
2024-10-23 03:26:55.959 | INFO     | trainer_beibei:_train_one_epoch:131 - test 25 cost time 11.01s, result: {'hit@10': 0.197, 'ndcg@10': 0.1262, 'recall@10': 0.197, 'mrr@10': 0.104, 'hit@20': 0.2342, 'ndcg@20': 0.1356, 'recall@20': 0.2342, 'mrr@20': 0.1066, 'hit@50': 0.282, 'ndcg@50': 0.1451, 'recall@50': 0.282, 'mrr@50': 0.1081, 'hit@80': 0.3071, 'ndcg@80': 0.1492, 'recall@80': 0.3071, 'mrr@80': 0.1085} 
2024-10-23 03:27:13.196 | INFO     | trainer_beibei:_train_one_epoch:121 - epoch 26 17.13s Train loss is [1.9980] 
2024-10-23 03:27:24.189 | INFO     | trainer_beibei:_train_one_epoch:131 - test 26 cost time 10.99s, result: {'hit@10': 0.1971, 'ndcg@10': 0.1264, 'recall@10': 0.1971, 'mrr@10': 0.1043, 'hit@20': 0.2334, 'ndcg@20': 0.1357, 'recall@20': 0.2334, 'mrr@20': 0.1068, 'hit@50': 0.2828, 'ndcg@50': 0.1455, 'recall@50': 0.2828, 'mrr@50': 0.1084, 'hit@80': 0.3079, 'ndcg@80': 0.1497, 'recall@80': 0.3079, 'mrr@80': 0.1088} 
2024-10-23 03:27:41.433 | INFO     | trainer_beibei:_train_one_epoch:121 - epoch 27 17.13s Train loss is [1.9933] 
2024-10-23 03:27:52.438 | INFO     | trainer_beibei:_train_one_epoch:131 - test 27 cost time 11.00s, result: {'hit@10': 0.1985, 'ndcg@10': 0.1274, 'recall@10': 0.1985, 'mrr@10': 0.1051, 'hit@20': 0.2345, 'ndcg@20': 0.1365, 'recall@20': 0.2345, 'mrr@20': 0.1076, 'hit@50': 0.2829, 'ndcg@50': 0.1461, 'recall@50': 0.2829, 'mrr@50': 0.1091, 'hit@80': 0.3093, 'ndcg@80': 0.1505, 'recall@80': 0.3093, 'mrr@80': 0.1096} 
2024-10-23 03:28:09.720 | INFO     | trainer_beibei:_train_one_epoch:121 - epoch 28 17.19s Train loss is [1.9904] 
2024-10-23 03:28:20.728 | INFO     | trainer_beibei:_train_one_epoch:131 - test 28 cost time 11.01s, result: {'hit@10': 0.1992, 'ndcg@10': 0.1275, 'recall@10': 0.1992, 'mrr@10': 0.105, 'hit@20': 0.2359, 'ndcg@20': 0.1368, 'recall@20': 0.2359, 'mrr@20': 0.1076, 'hit@50': 0.2831, 'ndcg@50': 0.1462, 'recall@50': 0.2831, 'mrr@50': 0.1091, 'hit@80': 0.309, 'ndcg@80': 0.1505, 'recall@80': 0.309, 'mrr@80': 0.1095} 
2024-10-23 03:28:37.864 | INFO     | trainer_beibei:_train_one_epoch:121 - epoch 29 17.05s Train loss is [1.9863] 
2024-10-23 03:28:48.843 | INFO     | trainer_beibei:_train_one_epoch:131 - test 29 cost time 10.98s, result: {'hit@10': 0.1993, 'ndcg@10': 0.1278, 'recall@10': 0.1993, 'mrr@10': 0.1054, 'hit@20': 0.2376, 'ndcg@20': 0.1375, 'recall@20': 0.2376, 'mrr@20': 0.1081, 'hit@50': 0.2852, 'ndcg@50': 0.147, 'recall@50': 0.2852, 'mrr@50': 0.1096, 'hit@80': 0.3108, 'ndcg@80': 0.1512, 'recall@80': 0.3108, 'mrr@80': 0.11} 
2024-10-23 03:29:06.027 | INFO     | trainer_beibei:_train_one_epoch:121 - epoch 30 17.09s Train loss is [1.9819] 
2024-10-23 03:29:17.040 | INFO     | trainer_beibei:_train_one_epoch:131 - test 30 cost time 11.01s, result: {'hit@10': 0.2004, 'ndcg@10': 0.1281, 'recall@10': 0.2004, 'mrr@10': 0.1055, 'hit@20': 0.2381, 'ndcg@20': 0.1377, 'recall@20': 0.2381, 'mrr@20': 0.1081, 'hit@50': 0.2866, 'ndcg@50': 0.1473, 'recall@50': 0.2866, 'mrr@50': 0.1097, 'hit@80': 0.3137, 'ndcg@80': 0.1518, 'recall@80': 0.3137, 'mrr@80': 0.1101} 
2024-10-23 03:29:34.161 | INFO     | trainer_beibei:_train_one_epoch:121 - epoch 31 17.03s Train loss is [1.9785] 
2024-10-23 03:29:45.125 | INFO     | trainer_beibei:_train_one_epoch:131 - test 31 cost time 10.96s, result: {'hit@10': 0.1993, 'ndcg@10': 0.1277, 'recall@10': 0.1993, 'mrr@10': 0.1052, 'hit@20': 0.2381, 'ndcg@20': 0.1375, 'recall@20': 0.2381, 'mrr@20': 0.108, 'hit@50': 0.2867, 'ndcg@50': 0.1472, 'recall@50': 0.2867, 'mrr@50': 0.1095, 'hit@80': 0.3134, 'ndcg@80': 0.1516, 'recall@80': 0.3134, 'mrr@80': 0.1099} 
2024-10-23 03:30:02.424 | INFO     | trainer_beibei:_train_one_epoch:121 - epoch 32 17.20s Train loss is [1.9738] 
2024-10-23 03:30:13.466 | INFO     | trainer_beibei:_train_one_epoch:131 - test 32 cost time 11.04s, result: {'hit@10': 0.2, 'ndcg@10': 0.128, 'recall@10': 0.2, 'mrr@10': 0.1055, 'hit@20': 0.238, 'ndcg@20': 0.1376, 'recall@20': 0.238, 'mrr@20': 0.1081, 'hit@50': 0.2875, 'ndcg@50': 0.1475, 'recall@50': 0.2875, 'mrr@50': 0.1097, 'hit@80': 0.3142, 'ndcg@80': 0.1519, 'recall@80': 0.3142, 'mrr@80': 0.1101} 
2024-10-23 03:30:30.651 | INFO     | trainer_beibei:_train_one_epoch:121 - epoch 33 17.10s Train loss is [1.9721] 
2024-10-23 03:30:41.667 | INFO     | trainer_beibei:_train_one_epoch:131 - test 33 cost time 11.02s, result: {'hit@10': 0.2007, 'ndcg@10': 0.1281, 'recall@10': 0.2007, 'mrr@10': 0.1053, 'hit@20': 0.238, 'ndcg@20': 0.1375, 'recall@20': 0.238, 'mrr@20': 0.1079, 'hit@50': 0.2882, 'ndcg@50': 0.1475, 'recall@50': 0.2882, 'mrr@50': 0.1095, 'hit@80': 0.3155, 'ndcg@80': 0.152, 'recall@80': 0.3155, 'mrr@80': 0.11} 
2024-10-23 03:30:58.884 | INFO     | trainer_beibei:_train_one_epoch:121 - epoch 34 17.12s Train loss is [1.9678] 
2024-10-23 03:31:09.889 | INFO     | trainer_beibei:_train_one_epoch:131 - test 34 cost time 11.01s, result: {'hit@10': 0.2006, 'ndcg@10': 0.1275, 'recall@10': 0.2006, 'mrr@10': 0.1047, 'hit@20': 0.239, 'ndcg@20': 0.1372, 'recall@20': 0.239, 'mrr@20': 0.1073, 'hit@50': 0.2896, 'ndcg@50': 0.1473, 'recall@50': 0.2896, 'mrr@50': 0.1089, 'hit@80': 0.3161, 'ndcg@80': 0.1517, 'recall@80': 0.3161, 'mrr@80': 0.1094} 
2024-10-23 03:31:27.158 | INFO     | trainer_beibei:_train_one_epoch:121 - epoch 35 17.18s Train loss is [1.9654] 
2024-10-23 03:31:38.221 | INFO     | trainer_beibei:_train_one_epoch:131 - test 35 cost time 11.06s, result: {'hit@10': 0.2009, 'ndcg@10': 0.1275, 'recall@10': 0.2009, 'mrr@10': 0.1045, 'hit@20': 0.2402, 'ndcg@20': 0.1374, 'recall@20': 0.2402, 'mrr@20': 0.1072, 'hit@50': 0.29, 'ndcg@50': 0.1473, 'recall@50': 0.29, 'mrr@50': 0.1088, 'hit@80': 0.3169, 'ndcg@80': 0.1518, 'recall@80': 0.3169, 'mrr@80': 0.1093} 
2024-10-23 03:31:55.425 | INFO     | trainer_beibei:_train_one_epoch:121 - epoch 36 17.11s Train loss is [1.9615] 
2024-10-23 03:32:06.497 | INFO     | trainer_beibei:_train_one_epoch:131 - test 36 cost time 11.07s, result: {'hit@10': 0.2021, 'ndcg@10': 0.128, 'recall@10': 0.2021, 'mrr@10': 0.1048, 'hit@20': 0.2407, 'ndcg@20': 0.1378, 'recall@20': 0.2407, 'mrr@20': 0.1075, 'hit@50': 0.2917, 'ndcg@50': 0.1479, 'recall@50': 0.2917, 'mrr@50': 0.1092, 'hit@80': 0.3171, 'ndcg@80': 0.1522, 'recall@80': 0.3171, 'mrr@80': 0.1096} 
2024-10-23 03:32:23.712 | INFO     | trainer_beibei:_train_one_epoch:121 - epoch 37 17.13s Train loss is [1.9590] 
2024-10-23 03:32:34.816 | INFO     | trainer_beibei:_train_one_epoch:131 - test 37 cost time 11.10s, result: {'hit@10': 0.2023, 'ndcg@10': 0.1281, 'recall@10': 0.2023, 'mrr@10': 0.1048, 'hit@20': 0.2425, 'ndcg@20': 0.1382, 'recall@20': 0.2425, 'mrr@20': 0.1076, 'hit@50': 0.292, 'ndcg@50': 0.1481, 'recall@50': 0.292, 'mrr@50': 0.1092, 'hit@80': 0.3184, 'ndcg@80': 0.1525, 'recall@80': 0.3184, 'mrr@80': 0.1096} 
2024-10-23 03:32:52.050 | INFO     | trainer_beibei:_train_one_epoch:121 - epoch 38 17.13s Train loss is [1.9555] 
2024-10-23 03:33:03.113 | INFO     | trainer_beibei:_train_one_epoch:131 - test 38 cost time 11.06s, result: {'hit@10': 0.2027, 'ndcg@10': 0.1284, 'recall@10': 0.2027, 'mrr@10': 0.1052, 'hit@20': 0.2428, 'ndcg@20': 0.1386, 'recall@20': 0.2428, 'mrr@20': 0.108, 'hit@50': 0.294, 'ndcg@50': 0.1487, 'recall@50': 0.294, 'mrr@50': 0.1096, 'hit@80': 0.3194, 'ndcg@80': 0.153, 'recall@80': 0.3194, 'mrr@80': 0.11} 
2024-10-23 03:33:20.337 | INFO     | trainer_beibei:_train_one_epoch:121 - epoch 39 17.13s Train loss is [1.9521] 
2024-10-23 03:33:31.550 | INFO     | trainer_beibei:_train_one_epoch:131 - test 39 cost time 11.21s, result: {'hit@10': 0.2034, 'ndcg@10': 0.1287, 'recall@10': 0.2034, 'mrr@10': 0.1053, 'hit@20': 0.2432, 'ndcg@20': 0.1387, 'recall@20': 0.2432, 'mrr@20': 0.1081, 'hit@50': 0.2945, 'ndcg@50': 0.149, 'recall@50': 0.2945, 'mrr@50': 0.1097, 'hit@80': 0.3216, 'ndcg@80': 0.1535, 'recall@80': 0.3216, 'mrr@80': 0.1102} 
2024-10-23 03:33:48.805 | INFO     | trainer_beibei:_train_one_epoch:121 - epoch 40 17.16s Train loss is [1.9484] 
2024-10-23 03:33:59.868 | INFO     | trainer_beibei:_train_one_epoch:131 - test 40 cost time 11.06s, result: {'hit@10': 0.2041, 'ndcg@10': 0.1288, 'recall@10': 0.2041, 'mrr@10': 0.1053, 'hit@20': 0.2422, 'ndcg@20': 0.1385, 'recall@20': 0.2422, 'mrr@20': 0.108, 'hit@50': 0.2948, 'ndcg@50': 0.149, 'recall@50': 0.2948, 'mrr@50': 0.1097, 'hit@80': 0.3225, 'ndcg@80': 0.1536, 'recall@80': 0.3225, 'mrr@80': 0.1101} 
2024-10-23 03:34:17.110 | INFO     | trainer_beibei:_train_one_epoch:121 - epoch 41 17.13s Train loss is [1.9460] 
2024-10-23 03:34:28.166 | INFO     | trainer_beibei:_train_one_epoch:131 - test 41 cost time 11.06s, result: {'hit@10': 0.2038, 'ndcg@10': 0.1293, 'recall@10': 0.2038, 'mrr@10': 0.106, 'hit@20': 0.2437, 'ndcg@20': 0.1394, 'recall@20': 0.2437, 'mrr@20': 0.1088, 'hit@50': 0.2957, 'ndcg@50': 0.1497, 'recall@50': 0.2957, 'mrr@50': 0.1104, 'hit@80': 0.3229, 'ndcg@80': 0.1543, 'recall@80': 0.3229, 'mrr@80': 0.1109} 
2024-10-23 03:34:44.939 | INFO     | trainer_beibei:_train_one_epoch:121 - epoch 42 16.68s Train loss is [1.9432] 
2024-10-23 03:34:54.740 | INFO     | trainer_beibei:_train_one_epoch:131 - test 42 cost time 9.80s, result: {'hit@10': 0.2029, 'ndcg@10': 0.1288, 'recall@10': 0.2029, 'mrr@10': 0.1056, 'hit@20': 0.2441, 'ndcg@20': 0.1393, 'recall@20': 0.2441, 'mrr@20': 0.1085, 'hit@50': 0.297, 'ndcg@50': 0.1498, 'recall@50': 0.297, 'mrr@50': 0.1102, 'hit@80': 0.3245, 'ndcg@80': 0.1544, 'recall@80': 0.3245, 'mrr@80': 0.1107} 
2024-10-23 03:35:10.929 | INFO     | trainer_beibei:_train_one_epoch:121 - epoch 43 16.07s Train loss is [1.9389] 
2024-10-23 03:35:20.712 | INFO     | trainer_beibei:_train_one_epoch:131 - test 43 cost time 9.78s, result: {'hit@10': 0.2042, 'ndcg@10': 0.1294, 'recall@10': 0.2042, 'mrr@10': 0.106, 'hit@20': 0.2452, 'ndcg@20': 0.1397, 'recall@20': 0.2452, 'mrr@20': 0.1088, 'hit@50': 0.2979, 'ndcg@50': 0.1502, 'recall@50': 0.2979, 'mrr@50': 0.1105, 'hit@80': 0.3246, 'ndcg@80': 0.1546, 'recall@80': 0.3246, 'mrr@80': 0.1109} 
2024-10-23 03:35:36.857 | INFO     | trainer_beibei:_train_one_epoch:121 - epoch 44 16.04s Train loss is [1.9374] 
2024-10-23 03:35:46.641 | INFO     | trainer_beibei:_train_one_epoch:131 - test 44 cost time 9.78s, result: {'hit@10': 0.2053, 'ndcg@10': 0.1296, 'recall@10': 0.2053, 'mrr@10': 0.106, 'hit@20': 0.2452, 'ndcg@20': 0.1397, 'recall@20': 0.2452, 'mrr@20': 0.1088, 'hit@50': 0.2996, 'ndcg@50': 0.1505, 'recall@50': 0.2996, 'mrr@50': 0.1105, 'hit@80': 0.3253, 'ndcg@80': 0.1548, 'recall@80': 0.3253, 'mrr@80': 0.1109} 
2024-10-23 03:36:02.856 | INFO     | trainer_beibei:_train_one_epoch:121 - epoch 45 16.11s Train loss is [1.9351] 
2024-10-23 03:36:12.661 | INFO     | trainer_beibei:_train_one_epoch:131 - test 45 cost time 9.80s, result: {'hit@10': 0.206, 'ndcg@10': 0.1299, 'recall@10': 0.206, 'mrr@10': 0.1061, 'hit@20': 0.2465, 'ndcg@20': 0.1402, 'recall@20': 0.2465, 'mrr@20': 0.1089, 'hit@50': 0.2996, 'ndcg@50': 0.1507, 'recall@50': 0.2996, 'mrr@50': 0.1106, 'hit@80': 0.3264, 'ndcg@80': 0.1552, 'recall@80': 0.3264, 'mrr@80': 0.1111} 
2024-10-23 03:36:28.858 | INFO     | trainer_beibei:_train_one_epoch:121 - epoch 46 16.09s Train loss is [1.9311] 
2024-10-23 03:36:38.643 | INFO     | trainer_beibei:_train_one_epoch:131 - test 46 cost time 9.78s, result: {'hit@10': 0.2059, 'ndcg@10': 0.1302, 'recall@10': 0.2059, 'mrr@10': 0.1065, 'hit@20': 0.2471, 'ndcg@20': 0.1406, 'recall@20': 0.2471, 'mrr@20': 0.1094, 'hit@50': 0.3011, 'ndcg@50': 0.1514, 'recall@50': 0.3011, 'mrr@50': 0.1111, 'hit@80': 0.3276, 'ndcg@80': 0.1558, 'recall@80': 0.3276, 'mrr@80': 0.1116} 
2024-10-23 03:36:54.819 | INFO     | trainer_beibei:_train_one_epoch:121 - epoch 47 16.09s Train loss is [1.9288] 
2024-10-23 03:37:04.632 | INFO     | trainer_beibei:_train_one_epoch:131 - test 47 cost time 9.81s, result: {'hit@10': 0.2069, 'ndcg@10': 0.1306, 'recall@10': 0.2069, 'mrr@10': 0.1067, 'hit@20': 0.2469, 'ndcg@20': 0.1407, 'recall@20': 0.2469, 'mrr@20': 0.1095, 'hit@50': 0.3015, 'ndcg@50': 0.1516, 'recall@50': 0.3015, 'mrr@50': 0.1113, 'hit@80': 0.3291, 'ndcg@80': 0.1562, 'recall@80': 0.3291, 'mrr@80': 0.1117} 
2024-10-23 03:37:20.917 | INFO     | trainer_beibei:_train_one_epoch:121 - epoch 48 16.16s Train loss is [1.9264] 
2024-10-23 03:37:30.684 | INFO     | trainer_beibei:_train_one_epoch:131 - test 48 cost time 9.77s, result: {'hit@10': 0.2072, 'ndcg@10': 0.1306, 'recall@10': 0.2072, 'mrr@10': 0.1066, 'hit@20': 0.2475, 'ndcg@20': 0.1408, 'recall@20': 0.2475, 'mrr@20': 0.1094, 'hit@50': 0.3023, 'ndcg@50': 0.1517, 'recall@50': 0.3023, 'mrr@50': 0.1112, 'hit@80': 0.3304, 'ndcg@80': 0.1563, 'recall@80': 0.3304, 'mrr@80': 0.1116} 
2024-10-23 03:37:46.892 | INFO     | trainer_beibei:_train_one_epoch:121 - epoch 49 16.09s Train loss is [1.9240] 
2024-10-23 03:37:56.641 | INFO     | trainer_beibei:_train_one_epoch:131 - test 49 cost time 9.75s, result: {'hit@10': 0.2073, 'ndcg@10': 0.1305, 'recall@10': 0.2073, 'mrr@10': 0.1065, 'hit@20': 0.2473, 'ndcg@20': 0.1406, 'recall@20': 0.2473, 'mrr@20': 0.1093, 'hit@50': 0.3027, 'ndcg@50': 0.1517, 'recall@50': 0.3027, 'mrr@50': 0.1111, 'hit@80': 0.3308, 'ndcg@80': 0.1564, 'recall@80': 0.3308, 'mrr@80': 0.1115} 
2024-10-23 03:38:12.972 | INFO     | trainer_beibei:_train_one_epoch:121 - epoch 50 16.25s Train loss is [1.9201] 
2024-10-23 03:38:22.751 | INFO     | trainer_beibei:_train_one_epoch:131 - test 50 cost time 9.78s, result: {'hit@10': 0.2073, 'ndcg@10': 0.1303, 'recall@10': 0.2073, 'mrr@10': 0.1063, 'hit@20': 0.2489, 'ndcg@20': 0.1408, 'recall@20': 0.2489, 'mrr@20': 0.1091, 'hit@50': 0.3028, 'ndcg@50': 0.1515, 'recall@50': 0.3028, 'mrr@50': 0.1109, 'hit@80': 0.3312, 'ndcg@80': 0.1563, 'recall@80': 0.3312, 'mrr@80': 0.1113} 
2024-10-23 03:38:38.994 | INFO     | trainer_beibei:_train_one_epoch:121 - epoch 51 16.14s Train loss is [1.9179] 
2024-10-23 03:38:48.775 | INFO     | trainer_beibei:_train_one_epoch:131 - test 51 cost time 9.78s, result: {'hit@10': 0.2076, 'ndcg@10': 0.1306, 'recall@10': 0.2076, 'mrr@10': 0.1065, 'hit@20': 0.2494, 'ndcg@20': 0.1411, 'recall@20': 0.2494, 'mrr@20': 0.1094, 'hit@50': 0.3028, 'ndcg@50': 0.1518, 'recall@50': 0.3028, 'mrr@50': 0.1111, 'hit@80': 0.331, 'ndcg@80': 0.1565, 'recall@80': 0.331, 'mrr@80': 0.1116} 
2024-10-23 03:39:04.965 | INFO     | trainer_beibei:_train_one_epoch:121 - epoch 52 16.08s Train loss is [1.9146] 
2024-10-23 03:39:14.736 | INFO     | trainer_beibei:_train_one_epoch:131 - test 52 cost time 9.77s, result: {'hit@10': 0.208, 'ndcg@10': 0.1306, 'recall@10': 0.208, 'mrr@10': 0.1065, 'hit@20': 0.2495, 'ndcg@20': 0.1411, 'recall@20': 0.2495, 'mrr@20': 0.1093, 'hit@50': 0.3032, 'ndcg@50': 0.1518, 'recall@50': 0.3032, 'mrr@50': 0.1111, 'hit@80': 0.3325, 'ndcg@80': 0.1567, 'recall@80': 0.3325, 'mrr@80': 0.1115} 
2024-10-23 03:39:30.928 | INFO     | trainer_beibei:_train_one_epoch:121 - epoch 53 16.08s Train loss is [1.9124] 
2024-10-23 03:39:40.718 | INFO     | trainer_beibei:_train_one_epoch:131 - test 53 cost time 9.79s, result: {'hit@10': 0.2085, 'ndcg@10': 0.1309, 'recall@10': 0.2085, 'mrr@10': 0.1067, 'hit@20': 0.2501, 'ndcg@20': 0.1414, 'recall@20': 0.2501, 'mrr@20': 0.1096, 'hit@50': 0.3047, 'ndcg@50': 0.1523, 'recall@50': 0.3047, 'mrr@50': 0.1113, 'hit@80': 0.3334, 'ndcg@80': 0.1571, 'recall@80': 0.3334, 'mrr@80': 0.1118} 
2024-10-23 03:39:56.936 | INFO     | trainer_beibei:_train_one_epoch:121 - epoch 54 16.10s Train loss is [1.9088] 
2024-10-23 03:40:06.687 | INFO     | trainer_beibei:_train_one_epoch:131 - test 54 cost time 9.75s, result: {'hit@10': 0.2083, 'ndcg@10': 0.1304, 'recall@10': 0.2083, 'mrr@10': 0.1061, 'hit@20': 0.2512, 'ndcg@20': 0.1413, 'recall@20': 0.2512, 'mrr@20': 0.1091, 'hit@50': 0.3061, 'ndcg@50': 0.1522, 'recall@50': 0.3061, 'mrr@50': 0.1109, 'hit@80': 0.334, 'ndcg@80': 0.1569, 'recall@80': 0.334, 'mrr@80': 0.1113} 
2024-10-23 03:40:22.835 | INFO     | trainer_beibei:_train_one_epoch:121 - epoch 55 16.05s Train loss is [1.9089] 
2024-10-23 03:40:32.598 | INFO     | trainer_beibei:_train_one_epoch:131 - test 55 cost time 9.76s, result: {'hit@10': 0.2092, 'ndcg@10': 0.1311, 'recall@10': 0.2092, 'mrr@10': 0.1068, 'hit@20': 0.2513, 'ndcg@20': 0.1418, 'recall@20': 0.2513, 'mrr@20': 0.1097, 'hit@50': 0.3061, 'ndcg@50': 0.1527, 'recall@50': 0.3061, 'mrr@50': 0.1115, 'hit@80': 0.3341, 'ndcg@80': 0.1573, 'recall@80': 0.3341, 'mrr@80': 0.1119} 
2024-10-23 03:40:48.739 | INFO     | trainer_beibei:_train_one_epoch:121 - epoch 56 16.03s Train loss is [1.9040] 
2024-10-23 03:40:58.518 | INFO     | trainer_beibei:_train_one_epoch:131 - test 56 cost time 9.78s, result: {'hit@10': 0.2097, 'ndcg@10': 0.1312, 'recall@10': 0.2097, 'mrr@10': 0.1067, 'hit@20': 0.2516, 'ndcg@20': 0.1418, 'recall@20': 0.2516, 'mrr@20': 0.1096, 'hit@50': 0.3059, 'ndcg@50': 0.1526, 'recall@50': 0.3059, 'mrr@50': 0.1114, 'hit@80': 0.335, 'ndcg@80': 0.1575, 'recall@80': 0.335, 'mrr@80': 0.1119} 
2024-10-23 03:41:14.711 | INFO     | trainer_beibei:_train_one_epoch:121 - epoch 57 16.09s Train loss is [1.9015] 
2024-10-23 03:41:24.613 | INFO     | trainer_beibei:_train_one_epoch:131 - test 57 cost time 9.90s, result: {'hit@10': 0.2099, 'ndcg@10': 0.1317, 'recall@10': 0.2099, 'mrr@10': 0.1072, 'hit@20': 0.2518, 'ndcg@20': 0.1423, 'recall@20': 0.2518, 'mrr@20': 0.1102, 'hit@50': 0.3073, 'ndcg@50': 0.1533, 'recall@50': 0.3073, 'mrr@50': 0.112, 'hit@80': 0.336, 'ndcg@80': 0.1581, 'recall@80': 0.336, 'mrr@80': 0.1124} 
2024-10-23 03:41:40.772 | INFO     | trainer_beibei:_train_one_epoch:121 - epoch 58 16.05s Train loss is [1.8995] 
2024-10-23 03:41:50.537 | INFO     | trainer_beibei:_train_one_epoch:131 - test 58 cost time 9.76s, result: {'hit@10': 0.2099, 'ndcg@10': 0.1314, 'recall@10': 0.2099, 'mrr@10': 0.1069, 'hit@20': 0.2523, 'ndcg@20': 0.1421, 'recall@20': 0.2523, 'mrr@20': 0.1098, 'hit@50': 0.3082, 'ndcg@50': 0.1532, 'recall@50': 0.3082, 'mrr@50': 0.1116, 'hit@80': 0.3367, 'ndcg@80': 0.158, 'recall@80': 0.3367, 'mrr@80': 0.1121} 
2024-10-23 03:42:06.735 | INFO     | trainer_beibei:_train_one_epoch:121 - epoch 59 16.08s Train loss is [1.8966] 
2024-10-23 03:42:16.502 | INFO     | trainer_beibei:_train_one_epoch:131 - test 59 cost time 9.77s, result: {'hit@10': 0.21, 'ndcg@10': 0.1313, 'recall@10': 0.21, 'mrr@10': 0.1067, 'hit@20': 0.2525, 'ndcg@20': 0.142, 'recall@20': 0.2525, 'mrr@20': 0.1097, 'hit@50': 0.3086, 'ndcg@50': 0.1532, 'recall@50': 0.3086, 'mrr@50': 0.1115, 'hit@80': 0.3378, 'ndcg@80': 0.1581, 'recall@80': 0.3378, 'mrr@80': 0.1119} 
2024-10-23 03:42:32.694 | INFO     | trainer_beibei:_train_one_epoch:121 - epoch 60 16.08s Train loss is [1.8936] 
2024-10-23 03:42:42.445 | INFO     | trainer_beibei:_train_one_epoch:131 - test 60 cost time 9.75s, result: {'hit@10': 0.2094, 'ndcg@10': 0.1315, 'recall@10': 0.2094, 'mrr@10': 0.1071, 'hit@20': 0.2526, 'ndcg@20': 0.1424, 'recall@20': 0.2526, 'mrr@20': 0.1101, 'hit@50': 0.3089, 'ndcg@50': 0.1536, 'recall@50': 0.3089, 'mrr@50': 0.1119, 'hit@80': 0.3394, 'ndcg@80': 0.1587, 'recall@80': 0.3394, 'mrr@80': 0.1124} 
2024-10-23 03:42:58.580 | INFO     | trainer_beibei:_train_one_epoch:121 - epoch 61 16.03s Train loss is [1.8909] 
2024-10-23 03:43:08.321 | INFO     | trainer_beibei:_train_one_epoch:131 - test 61 cost time 9.74s, result: {'hit@10': 0.2097, 'ndcg@10': 0.1313, 'recall@10': 0.2097, 'mrr@10': 0.1068, 'hit@20': 0.2519, 'ndcg@20': 0.142, 'recall@20': 0.2519, 'mrr@20': 0.1097, 'hit@50': 0.3101, 'ndcg@50': 0.1536, 'recall@50': 0.3101, 'mrr@50': 0.1116, 'hit@80': 0.3397, 'ndcg@80': 0.1585, 'recall@80': 0.3397, 'mrr@80': 0.1121} 
2024-10-23 03:43:24.510 | INFO     | trainer_beibei:_train_one_epoch:121 - epoch 62 16.08s Train loss is [1.8886] 
2024-10-23 03:43:34.270 | INFO     | trainer_beibei:_train_one_epoch:131 - test 62 cost time 9.76s, result: {'hit@10': 0.2108, 'ndcg@10': 0.1319, 'recall@10': 0.2108, 'mrr@10': 0.1073, 'hit@20': 0.2517, 'ndcg@20': 0.1422, 'recall@20': 0.2517, 'mrr@20': 0.1101, 'hit@50': 0.3106, 'ndcg@50': 0.154, 'recall@50': 0.3106, 'mrr@50': 0.112, 'hit@80': 0.3399, 'ndcg@80': 0.1588, 'recall@80': 0.3399, 'mrr@80': 0.1125} 
2024-10-23 03:43:50.409 | INFO     | trainer_beibei:_train_one_epoch:121 - epoch 63 16.02s Train loss is [1.8865] 
2024-10-23 03:44:00.152 | INFO     | trainer_beibei:_train_one_epoch:131 - test 63 cost time 9.74s, result: {'hit@10': 0.2105, 'ndcg@10': 0.1318, 'recall@10': 0.2105, 'mrr@10': 0.1072, 'hit@20': 0.2526, 'ndcg@20': 0.1425, 'recall@20': 0.2526, 'mrr@20': 0.1102, 'hit@50': 0.3109, 'ndcg@50': 0.154, 'recall@50': 0.3109, 'mrr@50': 0.112, 'hit@80': 0.3406, 'ndcg@80': 0.159, 'recall@80': 0.3406, 'mrr@80': 0.1125} 
2024-10-23 03:44:16.286 | INFO     | trainer_beibei:_train_one_epoch:121 - epoch 64 16.02s Train loss is [1.8849] 
2024-10-23 03:44:26.057 | INFO     | trainer_beibei:_train_one_epoch:131 - test 64 cost time 9.77s, result: {'hit@10': 0.2101, 'ndcg@10': 0.1314, 'recall@10': 0.2101, 'mrr@10': 0.1068, 'hit@20': 0.2534, 'ndcg@20': 0.1424, 'recall@20': 0.2534, 'mrr@20': 0.1098, 'hit@50': 0.3106, 'ndcg@50': 0.1538, 'recall@50': 0.3106, 'mrr@50': 0.1117, 'hit@80': 0.3416, 'ndcg@80': 0.1589, 'recall@80': 0.3416, 'mrr@80': 0.1122} 
2024-10-23 03:44:42.253 | INFO     | trainer_beibei:_train_one_epoch:121 - epoch 65 16.09s Train loss is [1.8809] 
2024-10-23 03:44:52.021 | INFO     | trainer_beibei:_train_one_epoch:131 - test 65 cost time 9.77s, result: {'hit@10': 0.2115, 'ndcg@10': 0.1318, 'recall@10': 0.2115, 'mrr@10': 0.107, 'hit@20': 0.2535, 'ndcg@20': 0.1424, 'recall@20': 0.2535, 'mrr@20': 0.1099, 'hit@50': 0.3109, 'ndcg@50': 0.1539, 'recall@50': 0.3109, 'mrr@50': 0.1117, 'hit@80': 0.3415, 'ndcg@80': 0.1589, 'recall@80': 0.3415, 'mrr@80': 0.1122} 
2024-10-23 03:45:08.186 | INFO     | trainer_beibei:_train_one_epoch:121 - epoch 66 16.06s Train loss is [1.8784] 
2024-10-23 03:45:17.944 | INFO     | trainer_beibei:_train_one_epoch:131 - test 66 cost time 9.76s, result: {'hit@10': 0.2108, 'ndcg@10': 0.1316, 'recall@10': 0.2108, 'mrr@10': 0.1069, 'hit@20': 0.2536, 'ndcg@20': 0.1424, 'recall@20': 0.2536, 'mrr@20': 0.1098, 'hit@50': 0.3113, 'ndcg@50': 0.1539, 'recall@50': 0.3113, 'mrr@50': 0.1117, 'hit@80': 0.3411, 'ndcg@80': 0.1588, 'recall@80': 0.3411, 'mrr@80': 0.1122} 
2024-10-23 03:45:34.093 | INFO     | trainer_beibei:_train_one_epoch:121 - epoch 67 16.04s Train loss is [1.8749] 
2024-10-23 03:45:43.852 | INFO     | trainer_beibei:_train_one_epoch:131 - test 67 cost time 9.76s, result: {'hit@10': 0.2123, 'ndcg@10': 0.1321, 'recall@10': 0.2123, 'mrr@10': 0.1071, 'hit@20': 0.2543, 'ndcg@20': 0.1427, 'recall@20': 0.2543, 'mrr@20': 0.11, 'hit@50': 0.3115, 'ndcg@50': 0.1541, 'recall@50': 0.3115, 'mrr@50': 0.1119, 'hit@80': 0.3418, 'ndcg@80': 0.1592, 'recall@80': 0.3418, 'mrr@80': 0.1124} 
2024-10-23 03:46:00.204 | INFO     | trainer_beibei:_train_one_epoch:121 - epoch 68 16.25s Train loss is [1.8739] 
2024-10-23 03:46:09.953 | INFO     | trainer_beibei:_train_one_epoch:131 - test 68 cost time 9.75s, result: {'hit@10': 0.2121, 'ndcg@10': 0.1319, 'recall@10': 0.2121, 'mrr@10': 0.1069, 'hit@20': 0.2553, 'ndcg@20': 0.1429, 'recall@20': 0.2553, 'mrr@20': 0.1099, 'hit@50': 0.3124, 'ndcg@50': 0.1542, 'recall@50': 0.3124, 'mrr@50': 0.1118, 'hit@80': 0.343, 'ndcg@80': 0.1593, 'recall@80': 0.343, 'mrr@80': 0.1123} 
2024-10-23 03:46:26.131 | INFO     | trainer_beibei:_train_one_epoch:121 - epoch 69 16.07s Train loss is [1.8711] 
2024-10-23 03:46:35.879 | INFO     | trainer_beibei:_train_one_epoch:131 - test 69 cost time 9.75s, result: {'hit@10': 0.2127, 'ndcg@10': 0.1321, 'recall@10': 0.2127, 'mrr@10': 0.107, 'hit@20': 0.255, 'ndcg@20': 0.1428, 'recall@20': 0.255, 'mrr@20': 0.11, 'hit@50': 0.3131, 'ndcg@50': 0.1544, 'recall@50': 0.3131, 'mrr@50': 0.1118, 'hit@80': 0.3439, 'ndcg@80': 0.1595, 'recall@80': 0.3439, 'mrr@80': 0.1123} 
2024-10-23 03:46:52.049 | INFO     | trainer_beibei:_train_one_epoch:121 - epoch 70 16.06s Train loss is [1.8683] 
2024-10-23 03:47:01.824 | INFO     | trainer_beibei:_train_one_epoch:131 - test 70 cost time 9.77s, result: {'hit@10': 0.2123, 'ndcg@10': 0.1319, 'recall@10': 0.2123, 'mrr@10': 0.1069, 'hit@20': 0.2559, 'ndcg@20': 0.143, 'recall@20': 0.2559, 'mrr@20': 0.1099, 'hit@50': 0.3133, 'ndcg@50': 0.1544, 'recall@50': 0.3133, 'mrr@50': 0.1118, 'hit@80': 0.3439, 'ndcg@80': 0.1595, 'recall@80': 0.3439, 'mrr@80': 0.1123} 
2024-10-23 03:47:18.030 | INFO     | trainer_beibei:_train_one_epoch:121 - epoch 71 16.12s Train loss is [1.8663] 
2024-10-23 03:47:27.800 | INFO     | trainer_beibei:_train_one_epoch:131 - test 71 cost time 9.77s, result: {'hit@10': 0.2116, 'ndcg@10': 0.1317, 'recall@10': 0.2116, 'mrr@10': 0.1067, 'hit@20': 0.2572, 'ndcg@20': 0.1432, 'recall@20': 0.2572, 'mrr@20': 0.1099, 'hit@50': 0.314, 'ndcg@50': 0.1545, 'recall@50': 0.314, 'mrr@50': 0.1117, 'hit@80': 0.3434, 'ndcg@80': 0.1594, 'recall@80': 0.3434, 'mrr@80': 0.1122} 
2024-10-23 03:47:43.959 | INFO     | trainer_beibei:_train_one_epoch:121 - epoch 72 16.05s Train loss is [1.8641] 
2024-10-23 03:47:53.717 | INFO     | trainer_beibei:_train_one_epoch:131 - test 72 cost time 9.76s, result: {'hit@10': 0.2122, 'ndcg@10': 0.1318, 'recall@10': 0.2122, 'mrr@10': 0.1068, 'hit@20': 0.2578, 'ndcg@20': 0.1434, 'recall@20': 0.2578, 'mrr@20': 0.11, 'hit@50': 0.3147, 'ndcg@50': 0.1547, 'recall@50': 0.3147, 'mrr@50': 0.1118, 'hit@80': 0.3444, 'ndcg@80': 0.1596, 'recall@80': 0.3444, 'mrr@80': 0.1123} 
2024-10-23 03:48:09.892 | INFO     | trainer_beibei:_train_one_epoch:121 - epoch 73 16.06s Train loss is [1.8595] 
2024-10-23 03:48:19.676 | INFO     | trainer_beibei:_train_one_epoch:131 - test 73 cost time 9.78s, result: {'hit@10': 0.2122, 'ndcg@10': 0.1317, 'recall@10': 0.2122, 'mrr@10': 0.1066, 'hit@20': 0.2581, 'ndcg@20': 0.1433, 'recall@20': 0.2581, 'mrr@20': 0.1098, 'hit@50': 0.3154, 'ndcg@50': 0.1547, 'recall@50': 0.3154, 'mrr@50': 0.1117, 'hit@80': 0.3455, 'ndcg@80': 0.1597, 'recall@80': 0.3455, 'mrr@80': 0.1121} 
2024-10-23 03:48:35.930 | INFO     | trainer_beibei:_train_one_epoch:121 - epoch 74 16.15s Train loss is [1.8593] 
2024-10-23 03:48:45.674 | INFO     | trainer_beibei:_train_one_epoch:131 - test 74 cost time 9.74s, result: {'hit@10': 0.2119, 'ndcg@10': 0.1312, 'recall@10': 0.2119, 'mrr@10': 0.1061, 'hit@20': 0.2581, 'ndcg@20': 0.1429, 'recall@20': 0.2581, 'mrr@20': 0.1093, 'hit@50': 0.3151, 'ndcg@50': 0.1543, 'recall@50': 0.3151, 'mrr@50': 0.1112, 'hit@80': 0.3456, 'ndcg@80': 0.1593, 'recall@80': 0.3456, 'mrr@80': 0.1116} 
2024-10-23 03:49:01.829 | INFO     | trainer_beibei:_train_one_epoch:121 - epoch 75 16.06s Train loss is [1.8556] 
2024-10-23 03:49:11.705 | INFO     | trainer_beibei:_train_one_epoch:131 - test 75 cost time 9.88s, result: {'hit@10': 0.2116, 'ndcg@10': 0.131, 'recall@10': 0.2116, 'mrr@10': 0.1059, 'hit@20': 0.2578, 'ndcg@20': 0.1427, 'recall@20': 0.2578, 'mrr@20': 0.1091, 'hit@50': 0.3157, 'ndcg@50': 0.1543, 'recall@50': 0.3157, 'mrr@50': 0.111, 'hit@80': 0.3453, 'ndcg@80': 0.1592, 'recall@80': 0.3453, 'mrr@80': 0.1115} 
2024-10-23 03:49:27.966 | INFO     | trainer_beibei:_train_one_epoch:121 - epoch 76 16.15s Train loss is [1.8532] 
2024-10-23 03:49:37.738 | INFO     | trainer_beibei:_train_one_epoch:131 - test 76 cost time 9.77s, result: {'hit@10': 0.2119, 'ndcg@10': 0.1312, 'recall@10': 0.2119, 'mrr@10': 0.1061, 'hit@20': 0.2585, 'ndcg@20': 0.143, 'recall@20': 0.2585, 'mrr@20': 0.1093, 'hit@50': 0.3161, 'ndcg@50': 0.1544, 'recall@50': 0.3161, 'mrr@50': 0.1111, 'hit@80': 0.3462, 'ndcg@80': 0.1594, 'recall@80': 0.3462, 'mrr@80': 0.1116} 
2024-10-23 03:49:53.940 | INFO     | trainer_beibei:_train_one_epoch:121 - epoch 77 16.10s Train loss is [1.8498] 
2024-10-23 03:50:03.664 | INFO     | trainer_beibei:_train_one_epoch:131 - test 77 cost time 9.72s, result: {'hit@10': 0.2126, 'ndcg@10': 0.1315, 'recall@10': 0.2126, 'mrr@10': 0.1062, 'hit@20': 0.2582, 'ndcg@20': 0.143, 'recall@20': 0.2582, 'mrr@20': 0.1094, 'hit@50': 0.3167, 'ndcg@50': 0.1547, 'recall@50': 0.3167, 'mrr@50': 0.1113, 'hit@80': 0.3464, 'ndcg@80': 0.1596, 'recall@80': 0.3464, 'mrr@80': 0.1118} 
2024-10-23 03:50:19.779 | INFO     | trainer_beibei:_train_one_epoch:121 - epoch 78 16.00s Train loss is [1.8489] 
2024-10-23 03:50:29.506 | INFO     | trainer_beibei:_train_one_epoch:131 - test 78 cost time 9.73s, result: {'hit@10': 0.2123, 'ndcg@10': 0.1315, 'recall@10': 0.2123, 'mrr@10': 0.1063, 'hit@20': 0.2577, 'ndcg@20': 0.143, 'recall@20': 0.2577, 'mrr@20': 0.1095, 'hit@50': 0.3175, 'ndcg@50': 0.1549, 'recall@50': 0.3175, 'mrr@50': 0.1114, 'hit@80': 0.347, 'ndcg@80': 0.1598, 'recall@80': 0.347, 'mrr@80': 0.1119} 
2024-10-23 03:50:45.709 | INFO     | trainer_beibei:_train_one_epoch:121 - epoch 79 16.09s Train loss is [1.8464] 
2024-10-23 03:50:55.441 | INFO     | trainer_beibei:_train_one_epoch:131 - test 79 cost time 9.73s, result: {'hit@10': 0.2126, 'ndcg@10': 0.1316, 'recall@10': 0.2126, 'mrr@10': 0.1064, 'hit@20': 0.2574, 'ndcg@20': 0.143, 'recall@20': 0.2574, 'mrr@20': 0.1095, 'hit@50': 0.3176, 'ndcg@50': 0.1549, 'recall@50': 0.3176, 'mrr@50': 0.1115, 'hit@80': 0.3474, 'ndcg@80': 0.1599, 'recall@80': 0.3474, 'mrr@80': 0.1119} 
2024-10-23 03:51:11.594 | INFO     | trainer_beibei:_train_one_epoch:121 - epoch 80 16.04s Train loss is [1.8421] 
2024-10-23 03:51:21.310 | INFO     | trainer_beibei:_train_one_epoch:131 - test 80 cost time 9.72s, result: {'hit@10': 0.2124, 'ndcg@10': 0.1317, 'recall@10': 0.2124, 'mrr@10': 0.1065, 'hit@20': 0.2571, 'ndcg@20': 0.143, 'recall@20': 0.2571, 'mrr@20': 0.1096, 'hit@50': 0.3176, 'ndcg@50': 0.155, 'recall@50': 0.3176, 'mrr@50': 0.1116, 'hit@80': 0.3477, 'ndcg@80': 0.16, 'recall@80': 0.3477, 'mrr@80': 0.1121} 
2024-10-23 03:51:37.446 | INFO     | trainer_beibei:_train_one_epoch:121 - epoch 81 16.03s Train loss is [1.8404] 
2024-10-23 03:51:47.179 | INFO     | trainer_beibei:_train_one_epoch:131 - test 81 cost time 9.73s, result: {'hit@10': 0.2129, 'ndcg@10': 0.1314, 'recall@10': 0.2129, 'mrr@10': 0.106, 'hit@20': 0.2575, 'ndcg@20': 0.1427, 'recall@20': 0.2575, 'mrr@20': 0.1091, 'hit@50': 0.3187, 'ndcg@50': 0.1549, 'recall@50': 0.3187, 'mrr@50': 0.1111, 'hit@80': 0.3482, 'ndcg@80': 0.1598, 'recall@80': 0.3482, 'mrr@80': 0.1115} 
2024-10-23 03:52:03.254 | INFO     | trainer_beibei:_train_one_epoch:121 - epoch 82 15.99s Train loss is [1.8379] 
2024-10-23 03:52:13.003 | INFO     | trainer_beibei:_train_one_epoch:131 - test 82 cost time 9.75s, result: {'hit@10': 0.2128, 'ndcg@10': 0.1313, 'recall@10': 0.2128, 'mrr@10': 0.106, 'hit@20': 0.2582, 'ndcg@20': 0.1428, 'recall@20': 0.2582, 'mrr@20': 0.1091, 'hit@50': 0.319, 'ndcg@50': 0.1549, 'recall@50': 0.319, 'mrr@50': 0.1111, 'hit@80': 0.3496, 'ndcg@80': 0.16, 'recall@80': 0.3496, 'mrr@80': 0.1116} 
2024-10-23 03:52:29.111 | INFO     | trainer_beibei:_train_one_epoch:121 - epoch 83 16.00s Train loss is [1.8352] 
2024-10-23 03:52:38.823 | INFO     | trainer_beibei:_train_one_epoch:131 - test 83 cost time 9.71s, result: {'hit@10': 0.2125, 'ndcg@10': 0.1311, 'recall@10': 0.2125, 'mrr@10': 0.1058, 'hit@20': 0.2597, 'ndcg@20': 0.1431, 'recall@20': 0.2597, 'mrr@20': 0.1091, 'hit@50': 0.3199, 'ndcg@50': 0.155, 'recall@50': 0.3199, 'mrr@50': 0.111, 'hit@80': 0.3497, 'ndcg@80': 0.16, 'recall@80': 0.3497, 'mrr@80': 0.1114} 
2024-10-23 03:52:54.921 | INFO     | trainer_beibei:_train_one_epoch:121 - epoch 84 15.99s Train loss is [1.8324] 
2024-10-23 03:53:04.635 | INFO     | trainer_beibei:_train_one_epoch:131 - test 84 cost time 9.71s, result: {'hit@10': 0.2129, 'ndcg@10': 0.1314, 'recall@10': 0.2129, 'mrr@10': 0.1061, 'hit@20': 0.2588, 'ndcg@20': 0.1431, 'recall@20': 0.2588, 'mrr@20': 0.1093, 'hit@50': 0.3203, 'ndcg@50': 0.1553, 'recall@50': 0.3203, 'mrr@50': 0.1112, 'hit@80': 0.3503, 'ndcg@80': 0.1603, 'recall@80': 0.3503, 'mrr@80': 0.1117} 
2024-10-23 03:53:20.716 | INFO     | trainer_beibei:_train_one_epoch:121 - epoch 85 15.97s Train loss is [1.8305] 
2024-10-23 03:53:30.446 | INFO     | trainer_beibei:_train_one_epoch:131 - test 85 cost time 9.73s, result: {'hit@10': 0.2134, 'ndcg@10': 0.1315, 'recall@10': 0.2134, 'mrr@10': 0.106, 'hit@20': 0.2595, 'ndcg@20': 0.1432, 'recall@20': 0.2595, 'mrr@20': 0.1092, 'hit@50': 0.3202, 'ndcg@50': 0.1553, 'recall@50': 0.3202, 'mrr@50': 0.1112, 'hit@80': 0.3512, 'ndcg@80': 0.1604, 'recall@80': 0.3512, 'mrr@80': 0.1117} 
2024-10-23 03:53:46.724 | INFO     | trainer_beibei:_train_one_epoch:121 - epoch 86 16.17s Train loss is [1.8267] 
2024-10-23 03:53:56.438 | INFO     | trainer_beibei:_train_one_epoch:131 - test 86 cost time 9.71s, result: {'hit@10': 0.2137, 'ndcg@10': 0.1317, 'recall@10': 0.2137, 'mrr@10': 0.1062, 'hit@20': 0.2599, 'ndcg@20': 0.1434, 'recall@20': 0.2599, 'mrr@20': 0.1094, 'hit@50': 0.3203, 'ndcg@50': 0.1554, 'recall@50': 0.3203, 'mrr@50': 0.1113, 'hit@80': 0.3513, 'ndcg@80': 0.1606, 'recall@80': 0.3513, 'mrr@80': 0.1118} 
2024-10-23 03:54:12.531 | INFO     | trainer_beibei:_train_one_epoch:121 - epoch 87 15.98s Train loss is [1.8260] 
2024-10-23 03:54:22.238 | INFO     | trainer_beibei:_train_one_epoch:131 - test 87 cost time 9.71s, result: {'hit@10': 0.2143, 'ndcg@10': 0.1316, 'recall@10': 0.2143, 'mrr@10': 0.1059, 'hit@20': 0.2601, 'ndcg@20': 0.1432, 'recall@20': 0.2601, 'mrr@20': 0.1091, 'hit@50': 0.3208, 'ndcg@50': 0.1553, 'recall@50': 0.3208, 'mrr@50': 0.1111, 'hit@80': 0.3512, 'ndcg@80': 0.1604, 'recall@80': 0.3512, 'mrr@80': 0.1115} 
2024-10-23 03:54:38.369 | INFO     | trainer_beibei:_train_one_epoch:121 - epoch 88 16.03s Train loss is [1.8234] 
2024-10-23 03:54:48.105 | INFO     | trainer_beibei:_train_one_epoch:131 - test 88 cost time 9.74s, result: {'hit@10': 0.2138, 'ndcg@10': 0.1317, 'recall@10': 0.2138, 'mrr@10': 0.1061, 'hit@20': 0.2601, 'ndcg@20': 0.1434, 'recall@20': 0.2601, 'mrr@20': 0.1094, 'hit@50': 0.3208, 'ndcg@50': 0.1555, 'recall@50': 0.3208, 'mrr@50': 0.1113, 'hit@80': 0.3525, 'ndcg@80': 0.1608, 'recall@80': 0.3525, 'mrr@80': 0.1118} 
2024-10-23 03:54:48.106 | INFO     | trainer_beibei:train_model:94 - training end, best iteration 67, results: {'hit@10': 0.2123, 'ndcg@10': 0.1321, 'recall@10': 0.2123, 'mrr@10': 0.1071, 'hit@20': 0.2543, 'ndcg@20': 0.1427, 'recall@20': 0.2543, 'mrr@20': 0.11, 'hit@50': 0.3115, 'ndcg@50': 0.1541, 'recall@50': 0.3115, 'mrr@50': 0.1119, 'hit@80': 0.3418, 'ndcg@80': 0.1592, 'recall@80': 0.3418, 'mrr@80': 0.1124}
2024-10-23 03:54:48.106 | INFO     | trainer_beibei:train_model:95 - final test result is:  {'hit@10': 0.2123, 'ndcg@10': 0.1321, 'recall@10': 0.2123, 'mrr@10': 0.1071, 'hit@20': 0.2543, 'ndcg@20': 0.1427, 'recall@20': 0.2543, 'mrr@20': 0.11, 'hit@50': 0.3115, 'ndcg@50': 0.1541, 'recall@50': 0.3115, 'mrr@50': 0.1119, 'hit@80': 0.3418, 'ndcg@80': 0.1592, 'recall@80': 0.3418, 'mrr@80': 0.1124}
2024-10-23 03:54:48.106 | INFO     | __main__:<module>:215 - train end total cost time: 2370.265609025955
